[ 2017-03-16 15:47:22 ] INFO TWITTER_PROJECT::iniciado 
[ 2017-03-16 15:47:22 ] INFO TWITTER_PROJECT::combinando twitter e polaridade 
[ 2017-03-16 15:47:22 ] INFO TWITTER_PROJECT::ajustando polaridades 
[ 2017-03-16 16:00:22 ] INFO TWITTER_PROJECT::iniciado 
[ 2017-03-16 16:00:22 ] INFO TWITTER_PROJECT::combinando twitter e polaridade 
[ 2017-03-16 16:00:22 ] INFO TWITTER_PROJECT::ajustando dados 
[ 2017-03-16 16:00:22 ] INFO TWITTER_PROJECT::realizando analise exploratoria 
[ 2017-03-16 16:02:08 ] INFO TWITTER_PROJECT::iniciado 
[ 2017-03-16 16:02:08 ] INFO TWITTER_PROJECT::combinando twitter e polaridade 
[ 2017-03-16 16:02:08 ] INFO TWITTER_PROJECT::ajustando dados 
[ 2017-03-16 16:02:08 ] INFO TWITTER_PROJECT::realizando analise exploratoria 
[ 2017-03-16 16:02:41 ] INFO TWITTER_PROJECT::iniciado 
[ 2017-03-16 16:02:41 ] INFO TWITTER_PROJECT::combinando twitter e polaridade 
[ 2017-03-16 16:02:41 ] INFO TWITTER_PROJECT::ajustando dados 
[ 2017-03-16 16:02:41 ] INFO TWITTER_PROJECT::realizando analise exploratoria 
[ 2017-03-16 16:03:23 ] INFO TWITTER_PROJECT::iniciado 
[ 2017-03-16 16:03:23 ] INFO TWITTER_PROJECT::combinando twitter e polaridade 
[ 2017-03-16 16:03:23 ] INFO TWITTER_PROJECT::ajustando dados 
[ 2017-03-16 16:03:23 ] INFO TWITTER_PROJECT::realizando analise exploratoria 
[ 2017-03-16 16:03:41 ] INFO TWITTER_PROJECT::iniciado 
[ 2017-03-16 16:03:41 ] INFO TWITTER_PROJECT::combinando twitter e polaridade 
[ 2017-03-16 16:03:41 ] INFO TWITTER_PROJECT::ajustando dados 
[ 2017-03-16 16:03:41 ] INFO TWITTER_PROJECT::realizando analise exploratoria 
[ 2017-03-16 16:04:20 ] INFO TWITTER_PROJECT::iniciado 
[ 2017-03-16 16:04:20 ] INFO TWITTER_PROJECT::combinando twitter e polaridade 
[ 2017-03-16 16:04:20 ] INFO TWITTER_PROJECT::ajustando dados 
[ 2017-03-16 16:04:20 ] INFO TWITTER_PROJECT::realizando analise exploratoria 
[ 2017-03-16 16:04:39 ] INFO TWITTER_PROJECT::iniciado 
[ 2017-03-16 16:04:39 ] INFO TWITTER_PROJECT::combinando twitter e polaridade 
[ 2017-03-16 16:04:39 ] INFO TWITTER_PROJECT::ajustando dados 
[ 2017-03-16 16:04:39 ] INFO TWITTER_PROJECT::realizando analise exploratoria 
[ 2017-03-16 16:05:08 ] INFO TWITTER_PROJECT::iniciado 
[ 2017-03-16 16:05:08 ] INFO TWITTER_PROJECT::combinando twitter e polaridade 
[ 2017-03-16 16:05:08 ] INFO TWITTER_PROJECT::ajustando dados 
[ 2017-03-16 16:05:08 ] INFO TWITTER_PROJECT::realizando analise exploratoria 
[ 2017-03-16 16:06:17 ] INFO TWITTER_PROJECT::iniciado 
[ 2017-03-16 16:06:17 ] INFO TWITTER_PROJECT::combinando twitter e polaridade 
[ 2017-03-16 16:06:17 ] INFO TWITTER_PROJECT::ajustando dados 
[ 2017-03-16 16:06:17 ] INFO TWITTER_PROJECT::realizando analise exploratoria 
[ 2017-03-16 16:08:29 ] INFO TWITTER_PROJECT::iniciado 
[ 2017-03-16 16:08:29 ] INFO TWITTER_PROJECT::combinando twitter e polaridade 
[ 2017-03-16 16:08:29 ] INFO TWITTER_PROJECT::ajustando dados 
[ 2017-03-16 16:08:29 ] INFO TWITTER_PROJECT::realizando analise exploratoria 
[ 2017-03-16 16:10:45 ] INFO TWITTER_PROJECT::iniciado 
[ 2017-03-16 16:10:45 ] INFO TWITTER_PROJECT::combinando twitter e polaridade 
[ 2017-03-16 16:10:45 ] INFO TWITTER_PROJECT::ajustando dados 
[ 2017-03-16 16:10:45 ] INFO TWITTER_PROJECT::realizando analise exploratoria 
[ 2017-03-16 16:15:50 ] INFO TWITTER_PROJECT::iniciado 
[ 2017-03-16 16:15:50 ] INFO TWITTER_PROJECT::combinando twitter e polaridade 
[ 2017-03-16 16:15:50 ] INFO TWITTER_PROJECT::ajustando dados 
[ 2017-03-16 16:15:50 ] INFO TWITTER_PROJECT::realizando analise exploratoria 
[ 2017-03-16 16:16:13 ] INFO TWITTER_PROJECT::iniciado 
[ 2017-03-16 16:16:13 ] INFO TWITTER_PROJECT::combinando twitter e polaridade 
[ 2017-03-16 16:16:13 ] INFO TWITTER_PROJECT::ajustando dados 
[ 2017-03-16 16:16:13 ] INFO TWITTER_PROJECT::realizando analise exploratoria 
[ 2017-03-16 16:16:53 ] INFO TWITTER_PROJECT::iniciado 
[ 2017-03-16 16:16:53 ] INFO TWITTER_PROJECT::combinando twitter e polaridade 
[ 2017-03-16 16:16:53 ] INFO TWITTER_PROJECT::ajustando dados 
[ 2017-03-16 16:16:53 ] INFO TWITTER_PROJECT::realizando analise exploratoria 
[ 2017-03-17 01:12:39 ] INFO TWITTER_PROJECT::iniciado 
[ 2017-03-17 01:12:39 ] INFO TWITTER_PROJECT::combinando twitter e polaridade 
[ 2017-03-17 01:12:39 ] INFO TWITTER_PROJECT::ajustando dados 
[ 2017-03-17 01:12:39 ] INFO TWITTER_PROJECT::realizando analise exploratoria 
[ 2017-03-17 01:58:27 ] INFO TWITTER_PROJECT::iniciado 
[ 2017-03-17 01:58:27 ] INFO TWITTER_PROJECT::combinando twitter e polaridade 
[ 2017-03-17 01:58:27 ] INFO TWITTER_PROJECT::ajustando dados 
[ 2017-03-17 01:58:27 ] INFO TWITTER_PROJECT::realizando analise exploratoria 
[ 2017-03-17 02:00:37 ] INFO TWITTER_PROJECT::iniciado 
[ 2017-03-17 02:00:37 ] INFO TWITTER_PROJECT::combinando twitter e polaridade 
[ 2017-03-17 02:00:37 ] INFO TWITTER_PROJECT::ajustando dados 
[ 2017-03-17 02:00:37 ] INFO TWITTER_PROJECT::realizando analise exploratoria 
[ 2017-03-17 02:02:49 ] INFO TWITTER_PROJECT::iniciado 
[ 2017-03-17 02:02:49 ] INFO TWITTER_PROJECT::combinando twitter e polaridade 
[ 2017-03-17 02:02:49 ] INFO TWITTER_PROJECT::ajustando dados 
[ 2017-03-17 02:02:49 ] INFO TWITTER_PROJECT::realizando analise exploratoria 
[ 2017-03-17 02:06:29 ] INFO TWITTER_PROJECT::iniciado 
[ 2017-03-17 02:06:29 ] INFO TWITTER_PROJECT::combinando twitter e polaridade 
[ 2017-03-17 02:06:29 ] INFO TWITTER_PROJECT::ajustando dados 
[ 2017-03-17 02:06:29 ] INFO TWITTER_PROJECT::realizando analise exploratoria 
[ 2017-03-17 02:26:52 ] INFO TWITTER_PROJECT::iniciado 
[ 2017-03-17 02:26:52 ] INFO TWITTER_PROJECT::combinando twitter e polaridade 
[ 2017-03-17 02:26:52 ] INFO TWITTER_PROJECT::ajustando dados 
[ 2017-03-17 02:26:52 ] INFO TWITTER_PROJECT::realizando analise exploratoria 
[ 2017-03-17 02:26:56 ] INFO TWITTER_PROJECT::text minning iniciado 
[ 2017-03-18 11:09:08 ] INFO TWITTER_PROJECT::iniciado 
[ 2017-03-18 11:09:08 ] INFO TWITTER_PROJECT::combinando twitter e polaridade 
[ 2017-03-18 11:09:08 ] INFO TWITTER_PROJECT::ajustando dados 
[ 2017-03-18 11:09:08 ] INFO TWITTER_PROJECT::realizando analise exploratoria 
[ 2017-03-18 11:09:16 ] INFO TWITTER_PROJECT::text minning iniciado 
[ 2017-03-18 12:29:07 ] INFO TWITTER_PROJECT::iniciado 
[ 2017-03-18 12:29:07 ] INFO TWITTER_PROJECT::combinando twitter e polaridade 
[ 2017-03-18 12:29:07 ] INFO TWITTER_PROJECT::ajustando dados 
[ 2017-03-18 12:29:07 ] INFO TWITTER_PROJECT::realizando analise exploratoria 
[ 2017-03-18 12:29:07 ] INFO TWITTER_PROJECT::text minning iniciado 
[ 2017-03-19 18:18:47 ] INFO TWITTER_PROJECT::iniciado 
[ 2017-03-19 18:18:47 ] INFO TWITTER_PROJECT::combinando twitter e polaridade 
[ 2017-03-19 18:18:47 ] INFO TWITTER_PROJECT::ajustando dados 
[ 2017-03-19 18:18:47 ] INFO TWITTER_PROJECT::realizando analise exploratoria 
[ 2017-03-19 18:18:47 ] INFO TWITTER_PROJECT::text minning iniciado 
